#
# There is insufficient memory for the Java Runtime Environment to continue.
# Native memory allocation (mmap) failed to map 532676608 bytes for G1 virtual space
# Possible reasons:
#   The system is out of physical RAM or swap space
#   The process is running with CompressedOops enabled, and the Java Heap may be blocking the growth of the native heap
# Possible solutions:
#   Reduce memory load on the system
#   Increase physical memory or swap space
#   Check if swap backing store is full
#   Decrease Java heap size (-Xmx/-Xms)
#   Decrease number of Java threads
#   Decrease Java thread stack sizes (-Xss)
#   Set larger code cache with -XX:ReservedCodeCacheSize=
#   JVM is running with Zero Based Compressed Oops mode in which the Java heap is
#     placed in the first 32GB address space. The Java Heap base address is the
#     maximum limit for the native heap growth. Please use -XX:HeapBaseMinAddress
#     to set the Java Heap base and to place the Java Heap above 32GB virtual address.
# This output file may be truncated or incomplete.
#
#  Out of Memory Error (os_windows.cpp:3550), pid=17680, tid=20088
#
# JRE version:  (17.0.7+8) (build )
# Java VM: Java HotSpot(TM) 64-Bit Server VM (17.0.7+8-LTS-224, mixed mode, sharing, tiered, compressed oops, compressed class ptrs, g1 gc, windows-amd64)
# No core dump will be written. Minidumps are not enabled by default on client versions of Windows
#

---------------  S U M M A R Y ------------

Command Line: -javaagent:C:\Program Files\JetBrains\IntelliJ IDEA 2023.2.3\lib\idea_rt.jar=59553:C:\Program Files\JetBrains\IntelliJ IDEA 2023.2.3\bin -Dfile.encoding=UTF-8 com.finalproject.presentation.Main

Host: 12th Gen Intel(R) Core(TM) i7-1255U, 12 cores, 31G,  Windows 10 , 64 bit Build 19041 (10.0.19041.5915)
Time: Thu Jun 12 20:39:07 2025 Turkey Standard Time elapsed time: 0.019608 seconds (0d 0h 0m 0s)

---------------  T H R E A D  ---------------

Current thread (0x00000157150cbf20):  JavaThread "Unknown thread" [_thread_in_vm, id=20088, stack(0x0000000567200000,0x0000000567300000)]

Stack: [0x0000000567200000,0x0000000567300000]
Native frames: (J=compiled Java code, j=interpreted, Vv=VM code, C=native code)
V  [jvm.dll+0x676a4a]
V  [jvm.dll+0x7d74f4]
V  [jvm.dll+0x7d8c9e]
V  [jvm.dll+0x7d9303]
V  [jvm.dll+0x2452c5]
V  [jvm.dll+0x6738f9]
V  [jvm.dll+0x668232]
V  [jvm.dll+0x302826]
V  [jvm.dll+0x309da6]
V  [jvm.dll+0x35952e]
V  [jvm.dll+0x35975f]
V  [jvm.dll+0x2d9a38]
V  [jvm.dll+0x2da9a4]
V  [jvm.dll+0x7a8fb1]
V  [jvm.dll+0x3670e1]
V  [jvm.dll+0x788359]
V  [jvm.dll+0x3ea5ef]
V  [jvm.dll+0x3ec071]
C  [jli.dll+0x5297]
C  [ucrtbase.dll+0x21bb2]
C  [KERNEL32.DLL+0x17374]
C  [ntdll.dll+0x4cc91]


---------------  P R O C E S S  ---------------

Threads class SMR info:
_java_thread_list=0x00007ffdf45e4998, length=0, elements={
}

Java Threads: ( => current thread )

Other Threads:
  0x0000015715176150 GCTaskThread "GC Thread#0" [stack: 0x0000000567300000,0x0000000567400000] [id=20952]
  0x000001571301df00 ConcurrentGCThread "G1 Main Marker" [stack: 0x0000000567400000,0x0000000567500000] [id=31532]
  0x000001571301e820 ConcurrentGCThread "G1 Conc#0" [stack: 0x0000000567500000,0x0000000567600000] [id=16484]

[error occurred during error reporting (printing all threads), id 0xc0000005, EXCEPTION_ACCESS_VIOLATION (0xc0000005) at pc=0x00007ffdf3e1a697]

VM state: not at safepoint (not fully initialized)

VM Mutex/Monitor currently owned by a thread:  ([mutex/lock_event])
[0x00000157150c9300] Heap_lock - owner thread: 0x00000157150cbf20

Heap address: 0x0000000605800000, size: 8104 MB, Compressed Oops mode: Zero based, Oop shift amount: 3

CDS archive(s) mapped at: [0x0000000000000000-0x0000000000000000-0x0000000000000000), size 0, SharedBaseAddress: 0x0000000800000000, ArchiveRelocationMode: 0.
Narrow klass base: 0x0000000000000000, Narrow klass shift: 0, Narrow klass range: 0x0

GC Precious Log:
<Empty>

Heap:
 garbage-first heap   total 0K, used 0K [0x0000000605800000, 0x0000000800000000)
  region size 4096K, 0 young (0K), 0 survivors (0K)

[error occurred during error reporting (printing heap information), id 0xc0000005, EXCEPTION_ACCESS_VIOLATION (0xc0000005) at pc=0x00007ffdf42000b9]

GC Heap History (0 events):
No events

Deoptimization events (0 events):
No events

Classes unloaded (0 events):
No events

Classes redefined (0 events):
No events

Internal exceptions (0 events):
No events

VM Operations (0 events):
No events

Events (1 events):
Event: 0.012 Loaded shared library C:\Program Files\Java\jdk-17\bin\java.dll


Dynamic libraries:
0x00007ff6f7300000 - 0x00007ff6f7310000 	C:\Program Files\Java\jdk-17\bin\java.exe
0x00007ffe99df0000 - 0x00007ffe99fe8000 	C:\WINDOWS\SYSTEM32\ntdll.dll
0x00007ffe99c60000 - 0x00007ffe99d22000 	C:\WINDOWS\System32\KERNEL32.DLL
0x00007ffe97a70000 - 0x00007ffe97d66000 	C:\WINDOWS\System32\KERNELBASE.dll
0x00007ffe976b0000 - 0x00007ffe977b0000 	C:\WINDOWS\System32\ucrtbase.dll
0x00007ffe8a140000 - 0x00007ffe8a159000 	C:\Program Files\Java\jdk-17\bin\jli.dll
0x00007ffe88de0000 - 0x00007ffe88dfb000 	C:\Program Files\Java\jdk-17\bin\VCRUNTIME140.dll
0x00007ffe987c0000 - 0x00007ffe98871000 	C:\WINDOWS\System32\ADVAPI32.dll
0x00007ffe999a0000 - 0x00007ffe99a3e000 	C:\WINDOWS\System32\msvcrt.dll
0x00007ffe98c70000 - 0x00007ffe98d0f000 	C:\WINDOWS\System32\sechost.dll
0x00007ffe99a40000 - 0x00007ffe99b63000 	C:\WINDOWS\System32\RPCRT4.dll
0x00007ffe977e0000 - 0x00007ffe97807000 	C:\WINDOWS\System32\bcrypt.dll
0x00007ffe98e80000 - 0x00007ffe9901d000 	C:\WINDOWS\System32\USER32.dll
0x00007ffe977b0000 - 0x00007ffe977d2000 	C:\WINDOWS\System32\win32u.dll
0x00007ffe99320000 - 0x00007ffe9934b000 	C:\WINDOWS\System32\GDI32.dll
0x00007ffe768d0000 - 0x00007ffe76b6a000 	C:\WINDOWS\WinSxS\amd64_microsoft.windows.common-controls_6595b64144ccf1df_6.0.19041.5915_none_60b4b9d171f9c7c7\COMCTL32.dll
0x00007ffe97590000 - 0x00007ffe976a9000 	C:\WINDOWS\System32\gdi32full.dll
0x00007ffe97d70000 - 0x00007ffe97e0d000 	C:\WINDOWS\System32\msvcp_win.dll
0x00007ffe84130000 - 0x00007ffe8413a000 	C:\WINDOWS\SYSTEM32\VERSION.dll
0x00007ffe98c40000 - 0x00007ffe98c6f000 	C:\WINDOWS\System32\IMM32.DLL
0x00007ffe93cc0000 - 0x00007ffe93ccc000 	C:\Program Files\Java\jdk-17\bin\vcruntime140_1.dll
0x00007ffe4e5a0000 - 0x00007ffe4e62e000 	C:\Program Files\Java\jdk-17\bin\msvcp140.dll
0x00007ffdf3b30000 - 0x00007ffdf470d000 	C:\Program Files\Java\jdk-17\bin\server\jvm.dll
0x00007ffe99c40000 - 0x00007ffe99c48000 	C:\WINDOWS\System32\PSAPI.DLL
0x00007ffe93690000 - 0x00007ffe936b7000 	C:\WINDOWS\SYSTEM32\WINMM.dll
0x00007ffe711b0000 - 0x00007ffe711b9000 	C:\WINDOWS\SYSTEM32\WSOCK32.dll
0x00007ffe99140000 - 0x00007ffe991ab000 	C:\WINDOWS\System32\WS2_32.dll
0x00007ffe95aa0000 - 0x00007ffe95ab2000 	C:\WINDOWS\SYSTEM32\kernel.appcore.dll
0x00007ffe8e510000 - 0x00007ffe8e51a000 	C:\Program Files\Java\jdk-17\bin\jimage.dll
0x00007ffe95810000 - 0x00007ffe95a11000 	C:\WINDOWS\SYSTEM32\DBGHELP.DLL
0x00007ffe89920000 - 0x00007ffe89954000 	C:\WINDOWS\SYSTEM32\dbgcore.DLL
0x00007ffe97480000 - 0x00007ffe97502000 	C:\WINDOWS\System32\bcryptPrimitives.dll
0x00007ffe8bcc0000 - 0x00007ffe8bcce000 	C:\Program Files\Java\jdk-17\bin\instrument.dll
0x00007ffe7ec80000 - 0x00007ffe7eca5000 	C:\Program Files\Java\jdk-17\bin\java.dll

dbghelp: loaded successfully - version: 4.0.5 - missing functions: none
symbol engine: initialized successfully - sym options: 0x614 - pdb path: .;C:\Program Files\Java\jdk-17\bin;C:\WINDOWS\SYSTEM32;C:\WINDOWS\WinSxS\amd64_microsoft.windows.common-controls_6595b64144ccf1df_6.0.19041.5915_none_60b4b9d171f9c7c7;C:\Program Files\Java\jdk-17\bin\server

VM Arguments:
jvm_args: -javaagent:C:\Program Files\JetBrains\IntelliJ IDEA 2023.2.3\lib\idea_rt.jar=59553:C:\Program Files\JetBrains\IntelliJ IDEA 2023.2.3\bin -Dfile.encoding=UTF-8 
java_command: com.finalproject.presentation.Main
java_class_path (initial): C:\Users\andres.calderon\Desktop\Personal\Github\book-library-jdbc-swing\target\classes;C:\Users\andres.calderon\.m2\repository\com\mysql\mysql-connector-j\8.0.32\mysql-connector-j-8.0.32.jar;C:\Users\andres.calderon\.m2\repository\com\google\protobuf\protobuf-java\3.21.9\protobuf-java-3.21.9.jar
Launcher Type: SUN_STANDARD

[Global flags]
     intx CICompilerCount                          = 4                                         {product} {ergonomic}
     uint ConcGCThreads                            = 3                                         {product} {ergonomic}
     uint G1ConcRefinementThreads                  = 10                                        {product} {ergonomic}
   size_t G1HeapRegionSize                         = 4194304                                   {product} {ergonomic}
    uintx GCDrainStackTargetSize                   = 64                                        {product} {ergonomic}
   size_t InitialHeapSize                          = 532676608                                 {product} {ergonomic}
   size_t MarkStackSize                            = 4194304                                   {product} {ergonomic}
   size_t MaxHeapSize                              = 8497659904                                {product} {ergonomic}
   size_t MinHeapDeltaBytes                        = 4194304                                   {product} {ergonomic}
   size_t MinHeapSize                              = 8388608                                   {product} {ergonomic}
    uintx NonNMethodCodeHeapSize                   = 5839372                                {pd product} {ergonomic}
    uintx NonProfiledCodeHeapSize                  = 122909434                              {pd product} {ergonomic}
    uintx ProfiledCodeHeapSize                     = 122909434                              {pd product} {ergonomic}
    uintx ReservedCodeCacheSize                    = 251658240                              {pd product} {ergonomic}
     bool SegmentedCodeCache                       = true                                      {product} {ergonomic}
   size_t SoftMaxHeapSize                          = 8497659904                             {manageable} {ergonomic}
     bool UseCompressedClassPointers               = true                           {product lp64_product} {ergonomic}
     bool UseCompressedOops                        = true                           {product lp64_product} {ergonomic}
     bool UseG1GC                                  = true                                      {product} {ergonomic}
     bool UseLargePagesIndividualAllocation        = false                                  {pd product} {ergonomic}

Logging:
Log output configuration:
 #0: stdout all=warning uptime,level,tags
 #1: stderr all=off uptime,level,tags

Environment Variables:
JAVA_HOME=C:\Program Files\Java\jdk-21.0.6
PATH=C:\Program Files\Java\jdk-21.0.6\bin;C:\Program Files\Java\jdk-21.0.6;C:\Python312\Scripts\;C:\Python312\;C:\DevSuiteHome_1\jlib;C:\DevSuiteHome_1\bin;C:\app\client\andres.calderon\product\12.1.0\client_1\bin;C:\WINDOWS\system32;C:\WINDOWS;C:\WINDOWS\System32\Wbem;C:\WINDOWS\System32\WindowsPowerShell\v1.0\;C:\WINDOWS\System32\OpenSSH\;C:\Program Files\Git\cmd;C:\Program Files\TortoiseGit\bin;C:\Program Files\Kubernetes\Minikube;C:\Maven\apache-maven-3.9.4\bin;C:\Program Files (x86)\NVIDIA Corporation\PhysX\Common;C:\Program Files\nodejs\;C:\ProgramData\chocolatey\bin;C:\WINDOWS\system32;C:\WINDOWS;C:\WINDOWS\System32\Wbem;C:\WINDOWS\System32\WindowsPowerShell\v1.0\;C:\WINDOWS\System32\OpenSSH\;C:\Program Files (x86)\Groovy\bin;C:\Program Files\Microsoft SQL Server Migration Assistant for Oracle\bin\;C:\Program Files\Cloudflare\Cloudflare WARP\;;C:\Program Files\Docker\Docker\resources\bin;C:\Users\andres.calderon\.jbang\bin;C:\Program Files\Java\jdk-21.0.6;c:\jruby-9.4.8.0\bin;C:\Users\andres.calderon\AppData\Local\Microsoft\WindowsApps;C:\Maven\apache-maven-3.9.4\bin;C:\Users\andres.calderon\AppData\Local\Programs\Microsoft VS Code\bin;C:\Users\andres.calderon\AppData\Roaming\npm;C:\Users\andres.calderon\AppData\Local\Programs\Rancher Desktop\resources\resources\win32\bin\;C:\Users\andres.calderon\AppData\Local\Programs\Rancher Desktop\resources\resources\linux\bin\;C:\Users\andres.calderon\AppData\Local\Programs\cursor\resources\app\bin;C:\Users\andres.calderon\AppData\Local\Programs\Microsoft VS Code Insiders\bin;C:\Users\andres.calderon\AppData\Local\Programs\Windsurf\bin
USERNAME=andres.calderon
OS=Windows_NT
PROCESSOR_IDENTIFIER=Intel64 Family 6 Model 154 Stepping 4, GenuineIntel



---------------  S Y S T E M  ---------------

OS:
 Windows 10 , 64 bit Build 19041 (10.0.19041.5915)
OS uptime: 1 days 20:04 hours
Hyper-V role detected

CPU: total 12 (initial active 12) (6 cores per cpu, 2 threads per core) family 6 model 154 stepping 4 microcode 0x436, cx8, cmov, fxsr, ht, mmx, 3dnowpref, sse, sse2, sse3, ssse3, sse4.1, sse4.2, popcnt, lzcnt, tsc, tscinvbit, avx, avx2, aes, erms, clmul, bmi1, bmi2, adx, sha, fma, vzeroupper, clflush, clflushopt, clwb, hv

Memory: 4k page, system-wide physical 32400M (6235M free)
TotalPageFile size 40547M (AvailPageFile size 425M)
current process WorkingSet (physical memory assigned to process): 11M, peak: 11M
current process commit charge ("private bytes"): 64M, peak: 572M

vm_info: Java HotSpot(TM) 64-Bit Server VM (17.0.7+8-LTS-224) for windows-amd64 JRE (17.0.7+8-LTS-224), built on Feb 28 2023 23:03:02 by "mach5one" with MS VC++ 17.1 (VS2022)

END.
